Log file open, 07/08/19 19:34:42
LogWindows: Failed to load 'aqProf.dll' (GetLastError=126)
LogWindows: File 'aqProf.dll' does not exist
LogWindows: Failed to load 'VtuneApi.dll' (GetLastError=126)
LogWindows: File 'VtuneApi.dll' does not exist
LogWindows: Failed to load 'VtuneApi32e.dll' (GetLastError=126)
LogWindows: File 'VtuneApi32e.dll' does not exist
LogConsoleResponse: Display: Failed to find resolution value strings in scalability ini. Falling back to default.
LogInit: Display: Running engine for game: superdungeongolf
LogPakFile: Registered encryption key '00000000000000000000000000000000': 0 pak files mounted, 0 remain pending
LogPlatformFile: Not using cached read wrapper
LogTaskGraph: Started task graph with 5 named threads and 35 total threads with 3 sets of task threads.
LogStats: Stats thread started at 0.387879
LogD3D11RHI: Loaded GFSDK_Aftermath_Lib.x64.dll
LogICUInternationalization: ICU TimeZone Detection - Raw Offset: +9:30, Platform Override: ''
LogPluginManager: Mounting plugin Paper2D
LogPluginManager: Mounting plugin AISupport
LogPluginManager: Mounting plugin LightPropagationVolume
LogPluginManager: Mounting plugin ActorLayerUtilities
LogPluginManager: Mounting plugin AnimationSharing
LogPluginManager: Mounting plugin CLionSourceCodeAccess
LogPluginManager: Mounting plugin CodeLiteSourceCodeAccess
LogPluginManager: Mounting plugin GitSourceControl
LogPluginManager: Mounting plugin KDevelopSourceCodeAccess
LogPluginManager: Mounting plugin NullSourceCodeAccess
LogPluginManager: Mounting plugin PerforceSourceControl
LogPluginManager: Mounting plugin SubversionSourceControl
LogPluginManager: Mounting plugin UObjectPlugin
LogPluginManager: Mounting plugin VisualStudioCodeSourceCodeAccess
LogPluginManager: Mounting plugin VisualStudioSourceCodeAccess
LogPluginManager: Mounting plugin XCodeSourceCodeAccess
LogPluginManager: Mounting plugin AssetManagerEditor
LogPluginManager: Mounting plugin CryptoKeys
LogPluginManager: Mounting plugin DataValidation
LogPluginManager: Mounting plugin FacialAnimation
LogPluginManager: Mounting plugin GameplayTagsEditor
LogPluginManager: Mounting plugin MacGraphicsSwitching
LogPluginManager: Mounting plugin MaterialAnalyzer
LogPluginManager: Mounting plugin MobileLauncherProfileWizard
LogPluginManager: Mounting plugin PluginBrowser
LogPluginManager: Mounting plugin SpeedTreeImporter
LogPluginManager: Mounting plugin DatasmithContent
LogPluginManager: Mounting plugin VariantManagerContent
LogPluginManager: Mounting plugin AlembicImporter
LogPluginManager: Mounting plugin AppleImageUtils
LogPluginManager: Mounting plugin AppleVision
LogPluginManager: Mounting plugin BackChannel
LogPluginManager: Mounting plugin CharacterAI
LogPluginManager: Mounting plugin GeometryCache
LogPluginManager: Mounting plugin HTML5Networking
LogPluginManager: Mounting plugin ProxyLODPlugin
LogPluginManager: Mounting plugin SkeletalReduction
LogPluginManager: Mounting plugin MagicLeap
LogPluginManager: Mounting plugin MagicLeapMedia
LogPluginManager: Mounting plugin AndroidMedia
LogPluginManager: Mounting plugin AvfMedia
LogPluginManager: Mounting plugin ImgMedia
LogPluginManager: Mounting plugin LinearTimecode
LogPluginManager: Mounting plugin MediaCompositing
LogPluginManager: Mounting plugin MediaPlayerEditor
LogPluginManager: Mounting plugin WebMMedia
LogPluginManager: Mounting plugin WmfMedia
LogPluginManager: Mounting plugin TcpMessaging
LogPluginManager: Mounting plugin UdpMessaging
LogPluginManager: Mounting plugin ActorSequence
LogPluginManager: Mounting plugin LevelSequenceEditor
LogPluginManager: Mounting plugin MatineeToLevelSequence
LogPluginManager: Mounting plugin NetcodeUnitTest
LogPluginManager: Mounting plugin NUTUnrealEngine4
LogPluginManager: Mounting plugin OnlineSubsystemGooglePlay
LogPluginManager: Mounting plugin OnlineSubsystemIOS
LogPluginManager: Mounting plugin OnlineSubsystem
LogPluginManager: Mounting plugin OnlineSubsystemNull
LogPluginManager: Mounting plugin OnlineSubsystemUtils
LogPluginManager: Mounting plugin LauncherChunkInstaller
LogPluginManager: Mounting plugin AndroidDeviceProfileSelector
LogPluginManager: Mounting plugin AndroidMoviePlayer
LogPluginManager: Mounting plugin AndroidPermission
LogPluginManager: Mounting plugin AppleMoviePlayer
LogPluginManager: Mounting plugin ArchVisCharacter
LogPluginManager: Mounting plugin AudioCapture
LogPluginManager: Mounting plugin CableComponent
LogPluginManager: Mounting plugin CustomMeshComponent
LogPluginManager: Mounting plugin EditableMesh
LogPluginManager: Mounting plugin ExampleDeviceProfileSelector
LogPluginManager: Mounting plugin Firebase
LogPluginManager: Mounting plugin GoogleCloudMessaging
LogPluginManager: Mounting plugin IOSDeviceProfileSelector
LogPluginManager: Mounting plugin LinuxDeviceProfileSelector
LogPluginManager: Mounting plugin LocationServicesBPLibrary
LogPluginManager: Mounting plugin MobilePatchingUtils
LogPluginManager: Mounting plugin OculusVR
LogPluginManager: Mounting plugin PhysXVehicles
LogPluginManager: Mounting plugin ProceduralMeshComponent
LogPluginManager: Mounting plugin RuntimePhysXCooking
LogPluginManager: Mounting plugin SignificanceManager
LogPluginManager: Mounting plugin SteamVR
LogPluginManager: Mounting plugin WebMMoviePlayer
LogPluginManager: Mounting plugin WindowsMoviePlayer
LogInit: Using libcurl 7.55.1-DEV
LogInit:  - built for x86_64-pc-win32
LogInit:  - supports SSL with OpenSSL/1.1.1
LogInit:  - supports HTTP deflate (compression) using libz 1.2.8
LogInit:  - other features:
LogInit:      CURL_VERSION_SSL
LogInit:      CURL_VERSION_LIBZ
LogInit:      CURL_VERSION_IPV6
LogInit:      CURL_VERSION_ASYNCHDNS
LogInit:      CURL_VERSION_LARGEFILE
LogInit:      CURL_VERSION_IDN
LogInit:  CurlRequestOptions (configurable via config and command line):
LogInit:  - bVerifyPeer = true  - Libcurl will verify peer certificate
LogInit:  - bUseHttpProxy = false  - Libcurl will NOT use HTTP proxy
LogInit:  - bDontReuseConnections = false  - Libcurl will reuse connections
LogInit:  - MaxHostConnections = 16  - Libcurl will limit the number of connections to a host
LogInit:  - LocalHostAddr = Default
LogInit:  - BufferSize = 65536
LogInit: WinSock: version 1.1 (2.2), MaxSocks=32767, MaxUdp=65467
LogInit: Build: ++UE4+Release-4.22-CL-6574378
LogInit: Engine Version: 4.22.2-6574378+++UE4+Release-4.22
LogInit: Compatible Engine Version: 4.22.0-5660361+++UE4+Release-4.22
LogInit: Net CL: 5660361
LogInit: OS: Windows 10 (Release 1809) (), CPU: Intel(R) Core(TM) i7-8700 CPU @ 3.20GHz, GPU: NVIDIA GeForce GTX 1060 6GB
LogInit: Compiled (64-bit): May 20 2019 09:54:56
LogInit: Compiled with Visual C++: 19.16.27025.01
LogInit: Build Configuration: Development
LogInit: Branch Name: ++UE4+Release-4.22
LogInit: Command Line: 
LogInit: Base Directory: C:/Users/Holton/Desktop/UE_4.22/Engine/Binaries/Win64/
LogInit: Installed Engine Build: 1
LogDevObjectVersion: Number of dev versions registered: 23
LogDevObjectVersion:   Dev-Blueprints (B0D832E4-1F89-4F0D-ACCF-7EB736FD4AA2): 10
LogDevObjectVersion:   Dev-Build (E1C64328-A22C-4D53-A36C-8E866417BD8C): 0
LogDevObjectVersion:   Dev-Core (375EC13C-06E4-48FB-B500-84F0262A717E): 3
LogDevObjectVersion:   Dev-Editor (E4B068ED-F494-42E9-A231-DA0B2E46BB41): 30
LogDevObjectVersion:   Dev-Framework (CFFC743F-43B0-4480-9391-14DF171D2073): 35
LogDevObjectVersion:   Dev-Mobile (B02B49B5-BB20-44E9-A304-32B752E40360): 2
LogDevObjectVersion:   Dev-Networking (A4E4105C-59A1-49B5-A7C5-40C4547EDFEE): 0
LogDevObjectVersion:   Dev-Online (39C831C9-5AE6-47DC-9A44-9C173E1C8E7C): 0
LogDevObjectVersion:   Dev-Physics (78F01B33-EBEA-4F98-B9B4-84EACCB95AA2): 0
LogDevObjectVersion:   Dev-Platform (6631380F-2D4D-43E0-8009-CF276956A95A): 0
LogDevObjectVersion:   Dev-Rendering (12F88B9F-8875-4AFC-A67C-D90C383ABD29): 28
LogDevObjectVersion:   Dev-Sequencer (7B5AE74C-D270-4C10-A958-57980B212A5A): 11
LogDevObjectVersion:   Dev-VR (D7296918-1DD6-4BDD-9DE2-64A83CC13884): 2
LogDevObjectVersion:   Dev-LoadTimes (C2A15278-BFE7-4AFE-6C17-90FF531DF755): 1
LogDevObjectVersion:   Private-Geometry (6EACA3D4-40EC-4CC1-B786-8BED09428FC5): 3
LogDevObjectVersion:   Dev-AnimPhys (29E575DD-E0A3-4627-9D10-D276232CDCEA): 17
LogDevObjectVersion:   Dev-Anim (AF43A65D-7FD3-4947-9873-3E8ED9C1BB05): 2
LogDevObjectVersion:   Dev-ReflectionCapture (6B266CEC-1EC7-4B8F-A30B-E4D90942FC07): 1
LogDevObjectVersion:   Dev-Automation (0DF73D61-A23F-47EA-B727-89E90C41499A): 1
LogDevObjectVersion:   FortniteMain (601D1886-AC64-4F84-AA16-D3DE0DEAC7D6): 25
LogDevObjectVersion:   Dev-Enterprise (9DFFBCD6-494F-0158-E221-12823C92A888): 6
LogDevObjectVersion:   Dev-Niagara (F2AED0AC-9AFE-416F-8664-AA7FFA26D6FC): 1
LogDevObjectVersion:   Dev-Destruction (174F1F0B-B4C6-45A5-B13F-2EE8D0FB917D): 2
LogInit: Presizing for max 16777216 objects, including 0 objects not considered by GC, pre-allocating 0 bytes for permanent pool.
LogInit: Object subsystem initialized
LogConfig: Setting CVar [[con.DebugEarlyDefault:1]]
LogConfig: Setting CVar [[r.setres:1280x720]]
[2019.07.08-10.04.42:847][  0]LogConfig: Setting CVar [[r.VSync:0]]
[2019.07.08-10.04.42:847][  0]LogConfig: Setting CVar [[r.RHICmdBypass:0]]
[2019.07.08-10.04.42:847][  0]LogConfig: Applying CVar settings from Section [/Script/Engine.RendererSettings] File [C:/Users/Holton/Documents/GitHub/superdungeongolf/superdungeongolf/Saved/Config/Windows/Engine.ini]
[2019.07.08-10.04.42:847][  0]LogConfig: Setting CVar [[r.GPUCrashDebugging:0]]
[2019.07.08-10.04.42:847][  0]LogConfig: Applying CVar settings from Section [/Script/Engine.RendererOverrideSettings] File [C:/Users/Holton/Documents/GitHub/superdungeongolf/superdungeongolf/Saved/Config/Windows/Engine.ini]
[2019.07.08-10.04.42:847][  0]LogConfig: Applying CVar settings from Section [/Script/Engine.StreamingSettings] File [C:/Users/Holton/Documents/GitHub/superdungeongolf/superdungeongolf/Saved/Config/Windows/Engine.ini]
[2019.07.08-10.04.42:847][  0]LogConfig: Setting CVar [[s.MinBulkDataSizeForAsyncLoading:131072]]
[2019.07.08-10.04.42:847][  0]LogConfig: Setting CVar [[s.AsyncLoadingThreadEnabled:0]]
[2019.07.08-10.04.42:847][  0]LogConfig: Setting CVar [[s.EventDrivenLoaderEnabled:1]]
[2019.07.08-10.04.42:847][  0]LogConfig: Setting CVar [[s.WarnIfTimeLimitExceeded:0]]
[2019.07.08-10.04.42:847][  0]LogConfig: Setting CVar [[s.TimeLimitExceededMultiplier:1.5]]
[2019.07.08-10.04.42:848][  0]LogConfig: Setting CVar [[s.TimeLimitExceededMinTime:0.005]]
[2019.07.08-10.04.42:848][  0]LogConfig: Setting CVar [[s.UseBackgroundLevelStreaming:1]]
[2019.07.08-10.04.42:848][  0]LogConfig: Setting CVar [[s.PriorityAsyncLoadingExtraTime:15.0]]
[2019.07.08-10.04.42:848][  0]LogConfig: Setting CVar [[s.LevelStreamingActorsUpdateTimeLimit:5.0]]
[2019.07.08-10.04.42:848][  0]LogConfig: Setting CVar [[s.PriorityLevelStreamingActorsUpdateExtraTime:5.0]]
[2019.07.08-10.04.42:848][  0]LogConfig: Setting CVar [[s.LevelStreamingComponentsRegistrationGranularity:10]]
[2019.07.08-10.04.42:848][  0]LogConfig: Setting CVar [[s.UnregisterComponentsTimeLimit:1.0]]
[2019.07.08-10.04.42:848][  0]LogConfig: Setting CVar [[s.LevelStreamingComponentsUnregistrationGranularity:5]]
[2019.07.08-10.04.42:848][  0]LogConfig: Applying CVar settings from Section [/Script/Engine.GarbageCollectionSettings] File [C:/Users/Holton/Documents/GitHub/superdungeongolf/superdungeongolf/Saved/Config/Windows/Engine.ini]
[2019.07.08-10.04.42:848][  0]LogConfig: Setting CVar [[gc.MaxObjectsNotConsideredByGC:1]]
[2019.07.08-10.04.42:848][  0]LogConfig: Setting CVar [[gc.SizeOfPermanentObjectPool:0]]
[2019.07.08-10.04.42:848][  0]LogConfig: Setting CVar [[gc.FlushStreamingOnGC:0]]
[2019.07.08-10.04.42:848][  0]LogConfig: Setting CVar [[gc.NumRetriesBeforeForcingGC:10]]
[2019.07.08-10.04.42:848][  0]LogConfig: Setting CVar [[gc.AllowParallelGC:1]]
[2019.07.08-10.04.42:848][  0]LogConfig: Setting CVar [[gc.TimeBetweenPurgingPendingKillObjects:61.1]]
[2019.07.08-10.04.42:848][  0]LogConfig: Setting CVar [[gc.MaxObjectsInEditor:16777216]]
[2019.07.08-10.04.42:848][  0]LogConfig: Setting CVar [[gc.IncrementalBeginDestroyEnabled:1]]
[2019.07.08-10.04.42:848][  0]LogConfig: Setting CVar [[gc.CreateGCClusters:1]]
[2019.07.08-10.04.42:848][  0]LogConfig: Setting CVar [[gc.MinGCClusterSize:5]]
[2019.07.08-10.04.42:848][  0]LogConfig: Setting CVar [[gc.ActorClusteringEnabled:0]]
[2019.07.08-10.04.42:848][  0]LogConfig: Setting CVar [[gc.BlueprintClusteringEnabled:0]]
[2019.07.08-10.04.42:848][  0]LogConfig: Setting CVar [[gc.UseDisregardForGCOnDedicatedServers:0]]
[2019.07.08-10.04.42:848][  0]LogConfig: Applying CVar settings from Section [/Script/Engine.NetworkSettings] File [C:/Users/Holton/Documents/GitHub/superdungeongolf/superdungeongolf/Saved/Config/Windows/Engine.ini]
[2019.07.08-10.04.42:848][  0]LogConfig: Applying CVar settings from Section [/Script/UnrealEd.CookerSettings] File [C:/Users/Holton/Documents/GitHub/superdungeongolf/superdungeongolf/Saved/Config/Windows/Engine.ini]
[2019.07.08-10.04.42:850][  0]LogConfig: Applying CVar settings from Section [ViewDistanceQuality@3] File [C:/Users/Holton/Documents/GitHub/superdungeongolf/superdungeongolf/Saved/Config/Windows/Scalability.ini]
[2019.07.08-10.04.42:850][  0]LogConfig: Setting CVar [[r.SkeletalMeshLODBias:0]]
[2019.07.08-10.04.42:850][  0]LogConfig: Setting CVar [[r.ViewDistanceScale:1.0]]
[2019.07.08-10.04.42:850][  0]LogConfig: Applying CVar settings from Section [AntiAliasingQuality@3] File [C:/Users/Holton/Documents/GitHub/superdungeongolf/superdungeongolf/Saved/Config/Windows/Scalability.ini]
[2019.07.08-10.04.42:850][  0]LogConfig: Setting CVar [[r.PostProcessAAQuality:4]]
[2019.07.08-10.04.42:850][  0]LogConfig: Applying CVar settings from Section [ShadowQuality@3] File [C:/Users/Holton/Documents/GitHub/superdungeongolf/superdungeongolf/Saved/Config/Windows/Scalability.ini]
[2019.07.08-10.04.42:850][  0]LogConfig: Setting CVar [[r.LightFunctionQuality:1]]
[2019.07.08-10.04.42:850][  0]LogConfig: Setting CVar [[r.ShadowQuality:5]]
[2019.07.08-10.04.42:850][  0]LogConfig: Setting CVar [[r.Shadow.CSM.MaxCascades:10]]
[2019.07.08-10.04.42:850][  0]LogConfig: Setting CVar [[r.Shadow.MaxResolution:2048]]
[2019.07.08-10.04.42:850][  0]LogConfig: Setting CVar [[r.Shadow.MaxCSMResolution:2048]]
[2019.07.08-10.04.42:850][  0]LogConfig: Setting CVar [[r.Shadow.RadiusThreshold:0.01]]
[2019.07.08-10.04.42:850][  0]LogConfig: Setting CVar [[r.Shadow.DistanceScale:1.0]]
[2019.07.08-10.04.42:850][  0]LogConfig: Setting CVar [[r.Shadow.CSM.TransitionScale:1.0]]
[2019.07.08-10.04.42:850][  0]LogConfig: Setting CVar [[r.Shadow.PreShadowResolutionFactor:1.0]]
[2019.07.08-10.04.42:850][  0]LogConfig: Setting CVar [[r.DistanceFieldShadowing:1]]
[2019.07.08-10.04.42:850][  0]LogConfig: Setting CVar [[r.DistanceFieldAO:1]]
[2019.07.08-10.04.42:850][  0]LogConfig: Setting CVar [[r.AOQuality:2]]
[2019.07.08-10.04.42:850][  0]LogConfig: Setting CVar [[r.VolumetricFog:1]]
[2019.07.08-10.04.42:850][  0]LogConfig: Setting CVar [[r.VolumetricFog.GridPixelSize:8]]
[2019.07.08-10.04.42:850][  0]LogConfig: Setting CVar [[r.VolumetricFog.GridSizeZ:128]]
[2019.07.08-10.04.42:850][  0]LogConfig: Setting CVar [[r.VolumetricFog.HistoryMissSupersampleCount:4]]
[2019.07.08-10.04.42:850][  0]LogConfig: Setting CVar [[r.LightMaxDrawDistanceScale:1]]
[2019.07.08-10.04.42:850][  0]LogConfig: Setting CVar [[r.CapsuleShadows:1]]
[2019.07.08-10.04.42:850][  0]LogConfig: Applying CVar settings from Section [PostProcessQuality@3] File [C:/Users/Holton/Documents/GitHub/superdungeongolf/superdungeongolf/Saved/Config/Windows/Scalability.ini]
[2019.07.08-10.04.42:850][  0]LogConfig: Setting CVar [[r.MotionBlurQuality:4]]
[2019.07.08-10.04.42:850][  0]LogConfig: Setting CVar [[r.AmbientOcclusionMipLevelFactor:0.4]]
[2019.07.08-10.04.42:850][  0]LogConfig: Setting CVar [[r.AmbientOcclusionMaxQuality:100]]
[2019.07.08-10.04.42:850][  0]LogConfig: Setting CVar [[r.AmbientOcclusionLevels:-1]]
[2019.07.08-10.04.42:850][  0]LogConfig: Setting CVar [[r.AmbientOcclusionRadiusScale:1.0]]
[2019.07.08-10.04.42:850][  0]LogConfig: Setting CVar [[r.DepthOfFieldQuality:2]]
[2019.07.08-10.04.42:850][  0]LogConfig: Setting CVar [[r.RenderTargetPoolMin:400]]
[2019.07.08-10.04.42:850][  0]LogConfig: Setting CVar [[r.LensFlareQuality:2]]
[2019.07.08-10.04.42:850][  0]LogConfig: Setting CVar [[r.SceneColorFringeQuality:1]]
[2019.07.08-10.04.42:850][  0]LogConfig: Setting CVar [[r.EyeAdaptationQuality:2]]
[2019.07.08-10.04.42:850][  0]LogConfig: Setting CVar [[r.BloomQuality:5]]
[2019.07.08-10.04.42:850][  0]LogConfig: Setting CVar [[r.FastBlurThreshold:100]]
[2019.07.08-10.04.42:850][  0]LogConfig: Setting CVar [[r.Upscale.Quality:3]]
[2019.07.08-10.04.42:850][  0]LogConfig: Setting CVar [[r.Tonemapper.GrainQuantization:1]]
[2019.07.08-10.04.42:850][  0]LogConfig: Setting CVar [[r.LightShaftQuality:1]]
[2019.07.08-10.04.42:850][  0]LogConfig: Setting CVar [[r.Filter.SizeScale:1]]
[2019.07.08-10.04.42:850][  0]LogConfig: Setting CVar [[r.Tonemapper.Quality:5]]
[2019.07.08-10.04.42:850][  0]LogConfig: Setting CVar [[r.DOF.Gather.AccumulatorQuality:1        ; higher gathering accumulator quality]]
[2019.07.08-10.04.42:850][  0]LogConfig: Setting CVar [[r.DOF.Gather.PostfilterMethod:1          ; Median3x3 postfilering method]]
[2019.07.08-10.04.42:850][  0]LogConfig: Setting CVar [[r.DOF.Gather.EnableBokehSettings:0       ; no bokeh simulation when gathering]]
[2019.07.08-10.04.42:850][  0]LogConfig: Setting CVar [[r.DOF.Gather.RingCount:4                 ; medium number of samples when gathering]]
[2019.07.08-10.04.42:850][  0]LogConfig: Setting CVar [[r.DOF.Scatter.ForegroundCompositing:1    ; additive foreground scattering]]
[2019.07.08-10.04.42:850][  0]LogConfig: Setting CVar [[r.DOF.Scatter.BackgroundCompositing:2    ; additive background scattering]]
[2019.07.08-10.04.42:850][  0]LogConfig: Setting CVar [[r.DOF.Scatter.EnableBokehSettings:1      ; bokeh simulation when scattering]]
[2019.07.08-10.04.42:850][  0]LogConfig: Setting CVar [[r.DOF.Scatter.MaxSpriteRatio:0.1         ; only a maximum of 10% of scattered bokeh]]
[2019.07.08-10.04.42:850][  0]LogConfig: Setting CVar [[r.DOF.Recombine.Quality:1                ; cheap slight out of focus]]
[2019.07.08-10.04.42:850][  0]LogConfig: Setting CVar [[r.DOF.Recombine.EnableBokehSettings:0    ; no bokeh simulation on slight out of focus]]
[2019.07.08-10.04.42:850][  0]LogConfig: Setting CVar [[r.DOF.TemporalAAQuality:1                ; more stable temporal accumulation]]
[2019.07.08-10.04.42:850][  0]LogConfig: Setting CVar [[r.DOF.Kernel.MaxForegroundRadius:0.025]]
[2019.07.08-10.04.42:850][  0]LogConfig: Setting CVar [[r.DOF.Kernel.MaxBackgroundRadius:0.025]]
[2019.07.08-10.04.42:850][  0]LogConfig: Applying CVar settings from Section [TextureQuality@3] File [C:/Users/Holton/Documents/GitHub/superdungeongolf/superdungeongolf/Saved/Config/Windows/Scalability.ini]
[2019.07.08-10.04.42:850][  0]LogConfig: Setting CVar [[r.Streaming.MipBias:0]]
[2019.07.08-10.04.42:850][  0]LogConfig: Setting CVar [[r.Streaming.AmortizeCPUToGPUCopy:0]]
[2019.07.08-10.04.42:850][  0]LogConfig: Setting CVar [[r.Streaming.MaxNumTexturesToStreamPerFrame:0]]
[2019.07.08-10.04.42:850][  0]LogConfig: Setting CVar [[r.Streaming.Boost:1]]
[2019.07.08-10.04.42:850][  0]LogConfig: Setting CVar [[r.MaxAnisotropy:8]]
[2019.07.08-10.04.42:850][  0]LogConfig: Setting CVar [[r.Streaming.LimitPoolSizeToVRAM:0]]
[2019.07.08-10.04.42:850][  0]LogConfig: Setting CVar [[r.Streaming.PoolSize:1000]]
[2019.07.08-10.04.42:850][  0]LogConfig: Setting CVar [[r.Streaming.MaxEffectiveScreenSize:0]]
[2019.07.08-10.04.42:850][  0]LogConfig: Applying CVar settings from Section [EffectsQuality@3] File [C:/Users/Holton/Documents/GitHub/superdungeongolf/superdungeongolf/Saved/Config/Windows/Scalability.ini]
[2019.07.08-10.04.42:850][  0]LogConfig: Setting CVar [[r.TranslucencyLightingVolumeDim:64]]
[2019.07.08-10.04.42:850][  0]LogConfig: Setting CVar [[r.RefractionQuality:2]]
[2019.07.08-10.04.42:850][  0]LogConfig: Setting CVar [[r.SSR.Quality:3]]
[2019.07.08-10.04.42:850][  0]LogConfig: Setting CVar [[r.SceneColorFormat:4]]
[2019.07.08-10.04.42:850][  0]LogConfig: Setting CVar [[r.DetailMode:2]]
[2019.07.08-10.04.42:850][  0]LogConfig: Setting CVar [[r.TranslucencyVolumeBlur:1]]
[2019.07.08-10.04.42:850][  0]LogConfig: Setting CVar [[r.MaterialQualityLevel:1 ; High quality]]
[2019.07.08-10.04.42:850][  0]LogConfig: Setting CVar [[r.SSS.Scale:1]]
[2019.07.08-10.04.42:850][  0]LogConfig: Setting CVar [[r.SSS.SampleSet:2]]
[2019.07.08-10.04.42:850][  0]LogConfig: Setting CVar [[r.SSS.Quality:1]]
[2019.07.08-10.04.42:850][  0]LogConfig: Setting CVar [[r.SSS.HalfRes:1]]
[2019.07.08-10.04.42:851][  0]LogConfig: Setting CVar [[r.EmitterSpawnRateScale:1.0]]
[2019.07.08-10.04.42:851][  0]LogConfig: Setting CVar [[r.ParticleLightQuality:2]]
[2019.07.08-10.04.42:851][  0]LogConfig: Applying CVar settings from Section [FoliageQuality@3] File [C:/Users/Holton/Documents/GitHub/superdungeongolf/superdungeongolf/Saved/Config/Windows/Scalability.ini]
[2019.07.08-10.04.42:851][  0]LogConfig: Setting CVar [[foliage.DensityScale:1.0]]
[2019.07.08-10.04.42:851][  0]LogConfig: Setting CVar [[grass.DensityScale:1.0]]
[2019.07.08-10.04.42:851][  0]LogInit: Selected Device Profile: [Windows]
[2019.07.08-10.04.42:851][  0]LogInit: Applying CVar settings loaded from the selected device profile: [Windows]
[2019.07.08-10.04.42:860][  0]LogHAL: Display: Platform has ~ 8 GB [8520867840 / 8589934592 / 8], which maps to Default [LargestMinGB=32, LargerMinGB=12, DefaultMinGB=8, SmallerMinGB=6, SmallestMinGB=0)
[2019.07.08-10.04.42:860][  0]LogConfig: Setting CVar [[r.Vulkan.UseRealUBs:0		; Required until we fix HLR fall-out]]
[2019.07.08-10.04.42:860][  0]LogInit: Going up to parent DeviceProfile []
[2019.07.08-10.04.42:860][  0]LogConfig: Applying CVar settings from Section [ViewDistanceQuality@3] File [C:/Users/Holton/Documents/GitHub/superdungeongolf/superdungeongolf/Saved/Config/Windows/Scalability.ini]
[2019.07.08-10.04.42:860][  0]LogConfig: Setting CVar [[r.SkeletalMeshLODBias:0]]
[2019.07.08-10.04.42:860][  0]LogConfig: Setting CVar [[r.ViewDistanceScale:1.0]]
[2019.07.08-10.04.42:860][  0]LogConfig: Applying CVar settings from Section [AntiAliasingQuality@3] File [C:/Users/Holton/Documents/GitHub/superdungeongolf/superdungeongolf/Saved/Config/Windows/Scalability.ini]
[2019.07.08-10.04.42:860][  0]LogConfig: Setting CVar [[r.PostProcessAAQuality:4]]
[2019.07.08-10.04.42:860][  0]LogConfig: Applying CVar settings from Section [ShadowQuality@3] File [C:/Users/Holton/Documents/GitHub/superdungeongolf/superdungeongolf/Saved/Config/Windows/Scalability.ini]
[2019.07.08-10.04.42:860][  0]LogConfig: Setting CVar [[r.LightFunctionQuality:1]]
[2019.07.08-10.04.42:860][  0]LogConfig: Setting CVar [[r.ShadowQuality:5]]
[2019.07.08-10.04.42:860][  0]LogConfig: Setting CVar [[r.Shadow.CSM.MaxCascades:10]]
[2019.07.08-10.04.42:860][  0]LogConfig: Setting CVar [[r.Shadow.MaxResolution:2048]]
[2019.07.08-10.04.42:860][  0]LogConfig: Setting CVar [[r.Shadow.MaxCSMResolution:2048]]
[2019.07.08-10.04.42:860][  0]LogConfig: Setting CVar [[r.Shadow.RadiusThreshold:0.01]]
[2019.07.08-10.04.42:860][  0]LogConfig: Setting CVar [[r.Shadow.DistanceScale:1.0]]
[2019.07.08-10.04.42:860][  0]LogConfig: Setting CVar [[r.Shadow.CSM.TransitionScale:1.0]]
[2019.07.08-10.04.42:860][  0]LogConfig: Setting CVar [[r.Shadow.PreShadowResolutionFactor:1.0]]
[2019.07.08-10.04.42:860][  0]LogConfig: Setting CVar [[r.DistanceFieldShadowing:1]]
[2019.07.08-10.04.42:860][  0]LogConfig: Setting CVar [[r.DistanceFieldAO:1]]
[2019.07.08-10.04.42:860][  0]LogConfig: Setting CVar [[r.AOQuality:2]]
[2019.07.08-10.04.42:860][  0]LogConfig: Setting CVar [[r.VolumetricFog:1]]
[2019.07.08-10.04.42:860][  0]LogConfig: Setting CVar [[r.VolumetricFog.GridPixelSize:8]]
[2019.07.08-10.04.42:860][  0]LogConfig: Setting CVar [[r.VolumetricFog.GridSizeZ:128]]
[2019.07.08-10.04.42:860][  0]LogConfig: Setting CVar [[r.VolumetricFog.HistoryMissSupersampleCount:4]]
[2019.07.08-10.04.42:860][  0]LogConfig: Setting CVar [[r.LightMaxDrawDistanceScale:1]]
[2019.07.08-10.04.42:860][  0]LogConfig: Setting CVar [[r.CapsuleShadows:1]]
[2019.07.08-10.04.42:860][  0]LogConfig: Applying CVar settings from Section [PostProcessQuality@3] File [C:/Users/Holton/Documents/GitHub/superdungeongolf/superdungeongolf/Saved/Config/Windows/Scalability.ini]
[2019.07.08-10.04.42:860][  0]LogConfig: Setting CVar [[r.MotionBlurQuality:4]]
[2019.07.08-10.04.42:860][  0]LogConfig: Setting CVar [[r.AmbientOcclusionMipLevelFactor:0.4]]
[2019.07.08-10.04.42:860][  0]LogConfig: Setting CVar [[r.AmbientOcclusionMaxQuality:100]]
[2019.07.08-10.04.42:861][  0]LogConfig: Setting CVar [[r.AmbientOcclusionLevels:-1]]
[2019.07.08-10.04.42:861][  0]LogConfig: Setting CVar [[r.AmbientOcclusionRadiusScale:1.0]]
[2019.07.08-10.04.42:861][  0]LogConfig: Setting CVar [[r.DepthOfFieldQuality:2]]
[2019.07.08-10.04.42:861][  0]LogConfig: Setting CVar [[r.RenderTargetPoolMin:400]]
[2019.07.08-10.04.42:861][  0]LogConfig: Setting CVar [[r.LensFlareQuality:2]]
[2019.07.08-10.04.42:861][  0]LogConfig: Setting CVar [[r.SceneColorFringeQuality:1]]
[2019.07.08-10.04.42:861][  0]LogConfig: Setting CVar [[r.EyeAdaptationQuality:2]]
[2019.07.08-10.04.42:861][  0]LogConfig: Setting CVar [[r.BloomQuality:5]]
[2019.07.08-10.04.42:861][  0]LogConfig: Setting CVar [[r.FastBlurThreshold:100]]
[2019.07.08-10.04.42:861][  0]LogConfig: Setting CVar [[r.Upscale.Quality:3]]
[2019.07.08-10.04.42:861][  0]LogConfig: Setting CVar [[r.Tonemapper.GrainQuantization:1]]
[2019.07.08-10.04.42:861][  0]LogConfig: Setting CVar [[r.LightShaftQuality:1]]
[2019.07.08-10.04.42:861][  0]LogConfig: Setting CVar [[r.Filter.SizeScale:1]]
[2019.07.08-10.04.42:861][  0]LogConfig: Setting CVar [[r.Tonemapper.Quality:5]]
[2019.07.08-10.04.42:861][  0]LogConfig: Setting CVar [[r.DOF.Gather.AccumulatorQuality:1        ; higher gathering accumulator quality]]
[2019.07.08-10.04.42:861][  0]LogConfig: Setting CVar [[r.DOF.Gather.PostfilterMethod:1          ; Median3x3 postfilering method]]
[2019.07.08-10.04.42:861][  0]LogConfig: Setting CVar [[r.DOF.Gather.EnableBokehSettings:0       ; no bokeh simulation when gathering]]
[2019.07.08-10.04.42:861][  0]LogConfig: Setting CVar [[r.DOF.Gather.RingCount:4                 ; medium number of samples when gathering]]
[2019.07.08-10.04.42:861][  0]LogConfig: Setting CVar [[r.DOF.Scatter.ForegroundCompositing:1    ; additive foreground scattering]]
[2019.07.08-10.04.42:861][  0]LogConfig: Setting CVar [[r.DOF.Scatter.BackgroundCompositing:2    ; additive background scattering]]
[2019.07.08-10.04.42:861][  0]LogConfig: Setting CVar [[r.DOF.Scatter.EnableBokehSettings:1      ; bokeh simulation when scattering]]
[2019.07.08-10.04.42:861][  0]LogConfig: Setting CVar [[r.DOF.Scatter.MaxSpriteRatio:0.1         ; only a maximum of 10% of scattered bokeh]]
[2019.07.08-10.04.42:861][  0]LogConfig: Setting CVar [[r.DOF.Recombine.Quality:1                ; cheap slight out of focus]]
[2019.07.08-10.04.42:861][  0]LogConfig: Setting CVar [[r.DOF.Recombine.EnableBokehSettings:0    ; no bokeh simulation on slight out of focus]]
[2019.07.08-10.04.42:861][  0]LogConfig: Setting CVar [[r.DOF.TemporalAAQuality:1                ; more stable temporal accumulation]]
[2019.07.08-10.04.42:861][  0]LogConfig: Setting CVar [[r.DOF.Kernel.MaxForegroundRadius:0.025]]
[2019.07.08-10.04.42:861][  0]LogConfig: Setting CVar [[r.DOF.Kernel.MaxBackgroundRadius:0.025]]
[2019.07.08-10.04.42:861][  0]LogConfig: Applying CVar settings from Section [TextureQuality@3] File [C:/Users/Holton/Documents/GitHub/superdungeongolf/superdungeongolf/Saved/Config/Windows/Scalability.ini]
[2019.07.08-10.04.42:861][  0]LogConfig: Setting CVar [[r.Streaming.MipBias:0]]
[2019.07.08-10.04.42:861][  0]LogConfig: Setting CVar [[r.Streaming.AmortizeCPUToGPUCopy:0]]
[2019.07.08-10.04.42:861][  0]LogConfig: Setting CVar [[r.Streaming.MaxNumTexturesToStreamPerFrame:0]]
[2019.07.08-10.04.42:861][  0]LogConfig: Setting CVar [[r.Streaming.Boost:1]]
[2019.07.08-10.04.42:861][  0]LogConfig: Setting CVar [[r.MaxAnisotropy:8]]
[2019.07.08-10.04.42:861][  0]LogConfig: Setting CVar [[r.Streaming.LimitPoolSizeToVRAM:0]]
[2019.07.08-10.04.42:861][  0]LogConfig: Setting CVar [[r.Streaming.PoolSize:1000]]
[2019.07.08-10.04.42:861][  0]LogConfig: Setting CVar [[r.Streaming.MaxEffectiveScreenSize:0]]
[2019.07.08-10.04.42:861][  0]LogConfig: Applying CVar settings from Section [EffectsQuality@3] File [C:/Users/Holton/Documents/GitHub/superdungeongolf/superdungeongolf/Saved/Config/Windows/Scalability.ini]
[2019.07.08-10.04.42:861][  0]LogConfig: Setting CVar [[r.TranslucencyLightingVolumeDim:64]]
[2019.07.08-10.04.42:861][  0]LogConfig: Setting CVar [[r.RefractionQuality:2]]
[2019.07.08-10.04.42:861][  0]LogConfig: Setting CVar [[r.SSR.Quality:3]]
[2019.07.08-10.04.42:861][  0]LogConfig: Setting CVar [[r.SceneColorFormat:4]]
[2019.07.08-10.04.42:861][  0]LogConfig: Setting CVar [[r.DetailMode:2]]
[2019.07.08-10.04.42:861][  0]LogConfig: Setting CVar [[r.TranslucencyVolumeBlur:1]]
[2019.07.08-10.04.42:861][  0]LogConfig: Setting CVar [[r.MaterialQualityLevel:1 ; High quality]]
[2019.07.08-10.04.42:861][  0]LogConfig: Setting CVar [[r.SSS.Scale:1]]
[2019.07.08-10.04.42:861][  0]LogConfig: Setting CVar [[r.SSS.SampleSet:2]]
[2019.07.08-10.04.42:861][  0]LogConfig: Setting CVar [[r.SSS.Quality:1]]
[2019.07.08-10.04.42:861][  0]LogConfig: Setting CVar [[r.SSS.HalfRes:1]]
[2019.07.08-10.04.42:861][  0]LogConfig: Setting CVar [[r.EmitterSpawnRateScale:1.0]]
[2019.07.08-10.04.42:861][  0]LogConfig: Setting CVar [[r.ParticleLightQuality:2]]
[2019.07.08-10.04.42:861][  0]LogConfig: Applying CVar settings from Section [FoliageQuality@3] File [C:/Users/Holton/Documents/GitHub/superdungeongolf/superdungeongolf/Saved/Config/Windows/Scalability.ini]
[2019.07.08-10.04.42:861][  0]LogConfig: Setting CVar [[foliage.DensityScale:1.0]]
[2019.07.08-10.04.42:861][  0]LogConfig: Setting CVar [[grass.DensityScale:1.0]]
[2019.07.08-10.04.42:861][  0]LogConfig: Applying CVar settings from Section [Startup] File [../../../Engine/Config/ConsoleVariables.ini]
[2019.07.08-10.04.42:861][  0]LogConfig: Setting CVar [[net.UseAdaptiveNetUpdateFrequency:0]]
[2019.07.08-10.04.42:861][  0]LogConfig: Setting CVar [[p.chaos.AllowCreatePhysxBodies:1]]
[2019.07.08-10.04.42:861][  0]LogConfig: Applying CVar settings from Section [ConsoleVariables] File [C:/Users/Holton/Documents/GitHub/superdungeongolf/superdungeongolf/Saved/Config/Windows/Engine.ini]
[2019.07.08-10.04.42:861][  0]LogInit: Computer: HOLTON-PC
[2019.07.08-10.04.42:861][  0]LogInit: User: Holton
[2019.07.08-10.04.42:861][  0]LogInit: CPU Page size=4096, Cores=6
[2019.07.08-10.04.42:861][  0]LogInit: High frequency timer resolution =10.000000 MHz
[2019.07.08-10.04.42:862][  0]LogMemory: Memory total: Physical=7.9GB (8GB approx)
[2019.07.08-10.04.42:862][  0]LogMemory: Platform Memory Stats for Windows
[2019.07.08-10.04.42:862][  0]LogMemory: Process Physical Memory: 98.23 MB used, 98.23 MB peak
[2019.07.08-10.04.42:862][  0]LogMemory: Process Virtual Memory: 89.86 MB used, 89.86 MB peak
[2019.07.08-10.04.42:862][  0]LogMemory: Physical Memory: 4884.26 MB used,  3241.88 MB free, 8126.13 MB total
[2019.07.08-10.04.42:862][  0]LogMemory: Virtual Memory: 4674.67 MB used,  134213056.00 MB free, 134217728.00 MB total
[2019.07.08-10.04.42:897][  0]LogInit: Using OS detected language (en-US).
[2019.07.08-10.04.42:897][  0]LogInit: Using OS detected locale (en-AU).
[2019.07.08-10.04.42:897][  0]LogTextLocalizationManager: No specific localization for 'en-US' exists, so the 'en' localization will be used.
[2019.07.08-10.04.43:150][  0]LogInit: Setting process to per monitor DPI aware
[2019.07.08-10.04.43:186][  0]LogSlate: New Slate User Created.  User Index 0, Is Virtual User: 0
[2019.07.08-10.04.43:186][  0]LogSlate: Slate User Registered.  User Index 0, Is Virtual User: 0
[2019.07.08-10.04.43:298][  0]LogHMD: Failed to initialize OpenVR with code 110
[2019.07.08-10.04.43:298][  0]LogD3D11RHI: D3D11 adapters:
[2019.07.08-10.04.43:368][  0]LogD3D11RHI:    0. 'NVIDIA GeForce GTX 1060 6GB' (Feature Level 11_0)
[2019.07.08-10.04.43:368][  0]LogD3D11RHI:       6052/0/4063 MB DedicatedVideo/DedicatedSystem/SharedSystem, Outputs:1, VendorId:0x10de
[2019.07.08-10.04.43:371][  0]LogD3D11RHI:    1. 'Microsoft Basic Render Driver' (Feature Level 11_0)
[2019.07.08-10.04.43:371][  0]LogD3D11RHI:       0/0/4063 MB DedicatedVideo/DedicatedSystem/SharedSystem, Outputs:0, VendorId:0x1414
[2019.07.08-10.04.43:371][  0]LogD3D11RHI: Chosen D3D11 Adapter: 0
[2019.07.08-10.04.43:376][  0]LogD3D11RHI: Creating new Direct3DDevice
[2019.07.08-10.04.43:376][  0]LogD3D11RHI:     GPU DeviceId: 0x1b83 (for the marketing name, search the web for "GPU Device Id")
[2019.07.08-10.04.43:376][  0]LogWindows: EnumDisplayDevices:
[2019.07.08-10.04.43:376][  0]LogWindows:    0. 'NVIDIA GeForce GTX 1060 6GB' (P:1 D:1)
[2019.07.08-10.04.43:376][  0]LogWindows:    1. 'NVIDIA GeForce GTX 1060 6GB' (P:0 D:0)
[2019.07.08-10.04.43:377][  0]LogWindows:    2. 'NVIDIA GeForce GTX 1060 6GB' (P:0 D:0)
[2019.07.08-10.04.43:377][  0]LogWindows:    3. 'NVIDIA GeForce GTX 1060 6GB' (P:0 D:0)
[2019.07.08-10.04.43:377][  0]LogWindows: DebugString: FoundDriverCount:4 
[2019.07.08-10.04.43:377][  0]LogD3D11RHI:     Adapter Name: NVIDIA GeForce GTX 1060 6GB
[2019.07.08-10.04.43:377][  0]LogD3D11RHI:   Driver Version: 418.81 (internal:25.21.14.1881, unified:418.81)
[2019.07.08-10.04.43:377][  0]LogD3D11RHI:      Driver Date: 1-30-2019
[2019.07.08-10.04.43:377][  0]LogRHI: Texture pool is 4236 MB (70% of 6052 MB)
[2019.07.08-10.04.43:404][  0]LogD3D11RHI: Async texture creation enabled
[2019.07.08-10.04.43:407][  0]LogRendererCore: FGlobalReadBuffer::InitRHI
[2019.07.08-10.04.43:407][  0]LogRendererCore: FGlobalReadBuffer::InitRHI
[2019.07.08-10.04.43:407][  0]LogRendererCore: FGlobalReadBuffer::InitRHI
[2019.07.08-10.04.43:414][  0]LogD3D11RHI: GPU Timing Frequency: 1000.000000 (Debug: 2 1)
[2019.07.08-10.04.43:743][  0]LogTemp: Display: Module 'AllDesktopTargetPlatform' loaded TargetPlatform 'AllDesktop'
[2019.07.08-10.04.43:755][  0]LogTemp: Display: Module 'MacClientTargetPlatform' loaded TargetPlatform 'MacClient'
[2019.07.08-10.04.43:766][  0]LogTemp: Display: Module 'MacNoEditorTargetPlatform' loaded TargetPlatform 'MacNoEditor'
[2019.07.08-10.04.43:778][  0]LogTemp: Display: Module 'MacServerTargetPlatform' loaded TargetPlatform 'MacServer'
[2019.07.08-10.04.43:790][  0]LogTemp: Display: Module 'MacTargetPlatform' loaded TargetPlatform 'Mac'
[2019.07.08-10.04.43:800][  0]LogTemp: Display: Module 'WindowsClientTargetPlatform' loaded TargetPlatform 'WindowsClient'
[2019.07.08-10.04.43:812][  0]LogTemp: Display: Module 'WindowsNoEditorTargetPlatform' loaded TargetPlatform 'WindowsNoEditor'
[2019.07.08-10.04.43:825][  0]LogTemp: Display: Module 'WindowsServerTargetPlatform' loaded TargetPlatform 'WindowsServer'
[2019.07.08-10.04.43:832][  0]LogTemp: Display: Module 'WindowsTargetPlatform' loaded TargetPlatform 'Windows'
[2019.07.08-10.04.43:898][  0]LogTemp: Display: Module 'AndroidTargetPlatform' loaded TargetPlatform 'Android'
[2019.07.08-10.04.43:898][  0]LogTemp: Display: Module 'AndroidTargetPlatform' loaded TargetPlatform 'Android_ASTC'
[2019.07.08-10.04.43:898][  0]LogTemp: Display: Module 'AndroidTargetPlatform' loaded TargetPlatform 'Android_ATC'
[2019.07.08-10.04.43:898][  0]LogTemp: Display: Module 'AndroidTargetPlatform' loaded TargetPlatform 'Android_DXT'
[2019.07.08-10.04.43:898][  0]LogTemp: Display: Module 'AndroidTargetPlatform' loaded TargetPlatform 'Android_ETC1'
[2019.07.08-10.04.43:898][  0]LogTemp: Display: Module 'AndroidTargetPlatform' loaded TargetPlatform 'Android_ETC1a'
[2019.07.08-10.04.43:898][  0]LogTemp: Display: Module 'AndroidTargetPlatform' loaded TargetPlatform 'Android_ETC2'
[2019.07.08-10.04.43:898][  0]LogTemp: Display: Module 'AndroidTargetPlatform' loaded TargetPlatform 'Android_PVRTC'
[2019.07.08-10.04.43:898][  0]LogTemp: Display: Module 'AndroidTargetPlatform' loaded TargetPlatform 'AndroidClient'
[2019.07.08-10.04.43:898][  0]LogTemp: Display: Module 'AndroidTargetPlatform' loaded TargetPlatform 'Android_ASTCClient'
[2019.07.08-10.04.43:898][  0]LogTemp: Display: Module 'AndroidTargetPlatform' loaded TargetPlatform 'Android_ATCClient'
[2019.07.08-10.04.43:898][  0]LogTemp: Display: Module 'AndroidTargetPlatform' loaded TargetPlatform 'Android_DXTClient'
[2019.07.08-10.04.43:898][  0]LogTemp: Display: Module 'AndroidTargetPlatform' loaded TargetPlatform 'Android_ETC1Client'
[2019.07.08-10.04.43:898][  0]LogTemp: Display: Module 'AndroidTargetPlatform' loaded TargetPlatform 'Android_ETC1aClient'
[2019.07.08-10.04.43:898][  0]LogTemp: Display: Module 'AndroidTargetPlatform' loaded TargetPlatform 'Android_ETC2Client'
[2019.07.08-10.04.43:898][  0]LogTemp: Display: Module 'AndroidTargetPlatform' loaded TargetPlatform 'Android_PVRTCClient'
[2019.07.08-10.04.43:898][  0]LogTemp: Display: Module 'AndroidTargetPlatform' loaded TargetPlatform 'Android_Multi'
[2019.07.08-10.04.43:898][  0]LogTemp: Display: Module 'AndroidTargetPlatform' loaded TargetPlatform 'Android_MultiClient'
[2019.07.08-10.04.43:899][  0]LogTemp: Display: Module 'HTML5TargetPlatform' loaded TargetPlatform 'HTML5'
[2019.07.08-10.04.43:941][  0]LogTemp: Display: Module 'IOSTargetPlatform' loaded TargetPlatform 'IOSClient'
[2019.07.08-10.04.43:942][  0]LogTemp: Display: Module 'IOSTargetPlatform' loaded TargetPlatform 'IOS'
[2019.07.08-10.04.43:959][  0]LogTemp: Display: Module 'TVOSTargetPlatform' loaded TargetPlatform 'TVOSClient'
[2019.07.08-10.04.43:959][  0]LogTemp: Display: Module 'TVOSTargetPlatform' loaded TargetPlatform 'TVOS'
[2019.07.08-10.04.43:968][  0]LogTemp: Display: Module 'LinuxClientTargetPlatform' loaded TargetPlatform 'LinuxClient'
[2019.07.08-10.04.43:977][  0]LogTemp: Display: Module 'LinuxNoEditorTargetPlatform' loaded TargetPlatform 'LinuxNoEditor'
[2019.07.08-10.04.43:987][  0]LogTemp: Display: Module 'LinuxServerTargetPlatform' loaded TargetPlatform 'LinuxServer'
[2019.07.08-10.04.43:996][  0]LogTemp: Display: Module 'LinuxTargetPlatform' loaded TargetPlatform 'Linux'
[2019.07.08-10.04.44:030][  0]LogTemp: Display: Module 'LuminTargetPlatform' loaded TargetPlatform 'Lumin'
[2019.07.08-10.04.44:030][  0]LogTemp: Display: Module 'LuminTargetPlatform' loaded TargetPlatform 'LuminClient'
[2019.07.08-10.04.44:030][  0]LogTargetPlatformManager: Display: Building Assets For Windows
[2019.07.08-10.04.44:036][  0]LogAudioDebug: Display: Lib vorbis DLL was dynamically loaded.
[2019.07.08-10.04.44:070][  0]LogShaderCompilers: Guid format shader working directory is -18 characters bigger than the processId version (../../../../../Documents/GitHub/superdungeongolf/superdungeongolf/Intermediate/Shaders/WorkingDirectory/2156/).
[2019.07.08-10.04.44:070][  0]LogShaderCompilers: Cleaned the shader compiler working directory 'C:/Users/Holton/AppData/Local/Temp/UnrealShaderWorkingDir/4C63049A4305F585ADF1CE9CCF06867C/'.
[2019.07.08-10.04.44:072][  0]LogXGEController: Cleaning working directory: C:/Users/Holton/AppData/Local/Temp/UnrealXGEWorkingDir/
[2019.07.08-10.04.44:072][  0]LogXGEController: Cannot use XGE Controller as Incredibuild is not installed on this machine.
[2019.07.08-10.04.44:072][  0]LogShaderCompilers: Cannot use XGE Shader Compiler as Incredibuild is not installed on this machine.
[2019.07.08-10.04.44:072][  0]LogShaderCompilers: Display: Using Local Shader Compiler.
[2019.07.08-10.04.44:494][  0]LogDerivedDataCache: Display: Max Cache Size: 512 MB
[2019.07.08-10.04.44:539][  0]LogDerivedDataCache: Loaded boot cache 0.04s 71MB C:/Users/Holton/AppData/Local/UnrealEngine/4.22/DerivedDataCache/Boot.ddc.
[2019.07.08-10.04.44:539][  0]LogDerivedDataCache: Display: Loaded Boot cache: C:/Users/Holton/AppData/Local/UnrealEngine/4.22/DerivedDataCache/Boot.ddc
[2019.07.08-10.04.44:539][  0]LogDerivedDataCache: FDerivedDataBackendGraph:  Pak pak cache file ../../../../../Documents/GitHub/superdungeongolf/superdungeongolf/DerivedDataCache/DDC.ddp not found, will not use a pak cache.
[2019.07.08-10.04.44:539][  0]LogDerivedDataCache: Unable to find inner node Pak for hierarchical cache Hierarchy.
[2019.07.08-10.04.44:539][  0]LogDerivedDataCache: FDerivedDataBackendGraph:  CompressedPak pak cache file ../../../../../Documents/GitHub/superdungeongolf/superdungeongolf/DerivedDataCache/Compressed.ddp not found, will not use a pak cache.
[2019.07.08-10.04.44:539][  0]LogDerivedDataCache: Unable to find inner node CompressedPak for hierarchical cache Hierarchy.
[2019.07.08-10.04.44:549][  0]LogDerivedDataCache: Display: Pak cache opened for reading ../../../Engine/DerivedDataCache/Compressed.ddp.
[2019.07.08-10.04.44:549][  0]LogDerivedDataCache: FDerivedDataBackendGraph:  EnterprisePak pak cache file ../../../Enterprise/DerivedDataCache/Compressed.ddp not found, will not use a pak cache.
[2019.07.08-10.04.44:549][  0]LogDerivedDataCache: Unable to find inner node EnterprisePak for hierarchical cache Hierarchy.
[2019.07.08-10.04.44:561][  0]LogDerivedDataCache: Using Local data cache path C:/Users/Holton/AppData/Local/UnrealEngine/Common/DerivedDataCache: Writable
[2019.07.08-10.04.44:561][  0]LogDerivedDataCache: Shared data cache path not found in *engine.ini, will not use an Shared cache.
[2019.07.08-10.04.44:561][  0]LogDerivedDataCache: Unable to find inner node Shared for hierarchical cache Hierarchy.
[2019.07.08-10.04.44:577][  0]LogMaterial: Verifying Global Shaders for PCD3D_SM5
[2019.07.08-10.04.44:578][  0]LogSlate: Using FreeType 2.6.0
[2019.07.08-10.04.44:579][  0]LogSlate: SlateFontServices - WITH_FREETYPE: 1, WITH_HARFBUZZ: 1
[2019.07.08-10.04.44:646][  0]LogAssetRegistry: FAssetRegistry took 0.0308 seconds to start up
[2019.07.08-10.04.44:885][  0]LogInit: Selected Device Profile: [Windows]
[2019.07.08-10.04.44:982][  0]LogMeshReduction: Using QuadricMeshReduction for automatic static mesh reduction
[2019.07.08-10.04.44:982][  0]LogMeshReduction: Using SimplygonMeshReduction for automatic skeletal mesh reduction
[2019.07.08-10.04.44:982][  0]LogMeshReduction: Using ProxyLODMeshReduction for automatic mesh merging
[2019.07.08-10.04.44:982][  0]LogMeshReduction: No distributed automatic mesh merging module available
[2019.07.08-10.04.44:982][  0]LogMeshMerging: No distributed automatic mesh merging module available
[2019.07.08-10.04.44:994][  0]LogNetVersion: superdungeongolf 1.0.0, NetCL: 5660361, EngineNetVer: 10, GameNetVer: 0 (Checksum: 304800032)
[2019.07.08-10.04.45:323][  0]LogPackageLocalizationCache: Processed 10 localized package path(s) for 1 prioritized culture(s) in 0.031882 seconds
[2019.07.08-10.04.45:328][  0]LogUObjectArray: 42205 objects as part of root set at end of initial load.
[2019.07.08-10.04.45:328][  0]LogUObjectAllocator: 7325032 out of 0 bytes used by permanent object pool.
[2019.07.08-10.04.45:328][  0]LogUObjectArray: CloseDisregardForGC: 0/0 objects in disregard for GC pool
[2019.07.08-10.04.47:205][  0]LogTcpMessaging: Initializing TcpMessaging bridge
[2019.07.08-10.04.47:219][  0]LogUdpMessaging: Initializing bridge on interface 0.0.0.0:0 to multicast group 230.0.0.1:6666.
[2019.07.08-10.04.47:349][  0]SourceControl: Source control is disabled
[2019.07.08-10.04.47:349][  0]SourceControl: Source control is disabled
[2019.07.08-10.04.47:353][  0]SourceControl: Source control is disabled
[2019.07.08-10.04.47:356][  0]SourceControl: Source control is disabled
[2019.07.08-10.04.47:487][  0]LogAndroidPermission: UAndroidPermissionCallbackProxy::GetInstance
[2019.07.08-10.04.47:582][  0]LogOcInput: OculusInput pre-init called
[2019.07.08-10.04.48:107][  0]LogEngine: Initializing Engine...
[2019.07.08-10.04.48:108][  0]LogHMD: Failed to initialize OpenVR with code 110
[2019.07.08-10.04.48:108][  0]LogStats: UGameplayTagsManager::InitializeManager -  0.000 s
[2019.07.08-10.04.48:279][  0]LogInit: Initializing FReadOnlyCVARCache
[2019.07.08-10.04.48:301][  0]LogAIModule: Creating AISystem for world Untitled
[2019.07.08-10.04.48:376][  0]LogInit: XAudio2 using 'Speakers (3- Stealth 600)' : 2 channels at 48 kHz using 16 bits per sample (channel mask 0x3)
[2019.07.08-10.04.48:391][  0]LogInit: FAudioDevice initialized.
[2019.07.08-10.04.48:391][  0]LogNetVersion: Set ProjectVersion to 1.0.0.0. Version Checksum will be recalculated on next use.
[2019.07.08-10.04.48:498][  0]LogDerivedDataCache: Saved boot cache 0.11s 71MB C:/Users/Holton/AppData/Local/UnrealEngine/4.22/DerivedDataCache/Boot.ddc.
[2019.07.08-10.04.48:513][  0]LogInit: Texture streaming: Enabled
[2019.07.08-10.04.48:546][  0]LogEngineSessionManager: EngineSessionManager initialized
[2019.07.08-10.04.48:578][  0]LogInit: Transaction tracking system initialized
[2019.07.08-10.04.48:645][  0]BlueprintLog: New page: Editor Load
[2019.07.08-10.04.48:897][  0]LocalizationService: Localization service is disabled
[2019.07.08-10.04.49:539][  0]LogFileCache: Scanning file cache for directory 'C:/Users/Holton/Documents/GitHub/superdungeongolf/superdungeongolf/Content/' took 0.03s
[2019.07.08-10.04.49:539][  0]LogCook: Display: Max memory allowance for cook 16384mb min free memory 0mb
[2019.07.08-10.04.49:539][  0]LogCook: Display: Mobile HDR setting 1
[2019.07.08-10.04.50:160][  0]SourceControl: Source control is disabled
[2019.07.08-10.04.50:164][  0]Cmd: MAP LOAD FILE="../../../../../Documents/GitHub/superdungeongolf/superdungeongolf/Content/Levels/Tutorial.umap" TEMPLATE=0 SHOWPROGRESS=1 FEATURELEVEL=3
[2019.07.08-10.04.50:173][  0]LightingResults: New page: Lighting Build
[2019.07.08-10.04.50:197][  0]MapCheck: New page: Map Check
[2019.07.08-10.04.50:197][  0]LightingResults: New page: Lighting Build
[2019.07.08-10.04.50:245][  0]LogUObjectHash: Compacting FUObjectHashTables data took   1.18ms
[2019.07.08-10.04.51:312][  0]LogAIModule: Creating AISystem for world Tutorial
[2019.07.08-10.04.51:389][  0]LogEditorServer: Finished looking for orphan Actors (0.000 secs)
[2019.07.08-10.04.51:433][  0]LogUObjectHash: Compacting FUObjectHashTables data took   1.79ms
[2019.07.08-10.04.51:435][  0]Cmd: MAP CHECKDEP NOCLEARLOG
[2019.07.08-10.04.51:436][  0]MapCheck: Map check complete: 0 Error(s), 0 Warning(s), took 0.677ms to complete.
[2019.07.08-10.04.51:436][  0]LogFileHelpers: Loading map 'Tutorial' took 1.276
[2019.07.08-10.04.51:620][  0]LogSlate: Updating window title bar state: overlay mode, drag disabled, window buttons hidden, title bar hidden
[2019.07.08-10.04.51:627][  0]LogSlate: Updating window title bar state: overlay mode, drag disabled, window buttons hidden, title bar hidden
[2019.07.08-10.04.51:632][  0]LogSlate: Updating window title bar state: overlay mode, drag disabled, window buttons hidden, title bar hidden
[2019.07.08-10.04.51:638][  0]LogSlate: Updating window title bar state: overlay mode, drag disabled, window buttons hidden, title bar hidden
[2019.07.08-10.04.51:650][  0]LogCollectionManager: Loaded 0 collections in 0.001313 seconds
[2019.07.08-10.04.51:680][  0]LogFileCache: Scanning file cache for directory 'C:/Users/Holton/Documents/GitHub/superdungeongolf/superdungeongolf/Saved/Collections/' took 0.01s
[2019.07.08-10.04.51:680][  0]LogFileCache: Scanning file cache for directory 'C:/Users/Holton/Documents/GitHub/superdungeongolf/superdungeongolf/Content/Developers/Holton/Collections/' took 0.01s
[2019.07.08-10.04.51:680][  0]LogFileCache: Scanning file cache for directory 'C:/Users/Holton/Documents/GitHub/superdungeongolf/superdungeongolf/Content/Collections/' took 0.00s
[2019.07.08-10.04.51:680][  0]LogCollectionManager: Rebuilt the GUID cache for 0 collections in 0.000000 seconds
[2019.07.08-10.04.51:686][  0]LogContentBrowser: Native class hierarchy populated in 0.0063 seconds. Added 2732 classes and 659 folders.
[2019.07.08-10.04.51:695][  0]LogContentBrowser: Native class hierarchy updated for 'WidgetCarousel' in 0.0002 seconds. Added 0 classes and 0 folders.
[2019.07.08-10.04.51:704][  0]LogPakFile: Registered encryption key '00000000000000000000000000000000': 0 pak files mounted, 0 remain pending
[2019.07.08-10.04.51:709][  0]LogPakFile: Registered encryption key '00000000000000000000000000000000': 0 pak files mounted, 0 remain pending
[2019.07.08-10.04.51:722][  0]LogPakFile: Registered encryption key '00000000000000000000000000000000': 0 pak files mounted, 0 remain pending
[2019.07.08-10.04.51:728][  0]LogPakFile: Registered encryption key '00000000000000000000000000000000': 0 pak files mounted, 0 remain pending
[2019.07.08-10.04.51:734][  0]LogPakFile: Registered encryption key '00000000000000000000000000000000': 0 pak files mounted, 0 remain pending
[2019.07.08-10.04.51:739][  0]LogPakFile: Registered encryption key '00000000000000000000000000000000': 0 pak files mounted, 0 remain pending
[2019.07.08-10.04.51:743][  0]LogPakFile: Registered encryption key '00000000000000000000000000000000': 0 pak files mounted, 0 remain pending
[2019.07.08-10.04.51:770][  0]LogPakFile: Registered encryption key '00000000000000000000000000000000': 0 pak files mounted, 0 remain pending
[2019.07.08-10.04.51:776][  0]LogPakFile: Registered encryption key '00000000000000000000000000000000': 0 pak files mounted, 0 remain pending
[2019.07.08-10.04.51:782][  0]LogPakFile: Registered encryption key '00000000000000000000000000000000': 0 pak files mounted, 0 remain pending
[2019.07.08-10.04.51:787][  0]LogPakFile: Registered encryption key '00000000000000000000000000000000': 0 pak files mounted, 0 remain pending
[2019.07.08-10.04.51:791][  0]LogPakFile: Registered encryption key '00000000000000000000000000000000': 0 pak files mounted, 0 remain pending
[2019.07.08-10.04.51:797][  0]LogPakFile: Registered encryption key '00000000000000000000000000000000': 0 pak files mounted, 0 remain pending
[2019.07.08-10.04.51:802][  0]LogPakFile: Registered encryption key '00000000000000000000000000000000': 0 pak files mounted, 0 remain pending
[2019.07.08-10.04.51:806][  0]LogPakFile: Registered encryption key '00000000000000000000000000000000': 0 pak files mounted, 0 remain pending
[2019.07.08-10.04.51:811][  0]LogPakFile: Registered encryption key '00000000000000000000000000000000': 0 pak files mounted, 0 remain pending
[2019.07.08-10.04.51:834][  0]LogPakFile: Registered encryption key '00000000000000000000000000000000': 0 pak files mounted, 0 remain pending
[2019.07.08-10.04.51:842][  0]LogPakFile: Registered encryption key '00000000000000000000000000000000': 0 pak files mounted, 0 remain pending
[2019.07.08-10.04.51:847][  0]LogPakFile: Registered encryption key '00000000000000000000000000000000': 0 pak files mounted, 0 remain pending
[2019.07.08-10.04.51:852][  0]LogPakFile: Registered encryption key '00000000000000000000000000000000': 0 pak files mounted, 0 remain pending
[2019.07.08-10.04.51:857][  0]LogPakFile: Registered encryption key '00000000000000000000000000000000': 0 pak files mounted, 0 remain pending
[2019.07.08-10.04.51:862][  0]LogPakFile: Registered encryption key '00000000000000000000000000000000': 0 pak files mounted, 0 remain pending
[2019.07.08-10.04.51:867][  0]LogPakFile: Registered encryption key '00000000000000000000000000000000': 0 pak files mounted, 0 remain pending
[2019.07.08-10.04.51:873][  0]LogPakFile: Registered encryption key '00000000000000000000000000000000': 0 pak files mounted, 0 remain pending
[2019.07.08-10.04.51:879][  0]LogPakFile: Registered encryption key '00000000000000000000000000000000': 0 pak files mounted, 0 remain pending
[2019.07.08-10.04.51:884][  0]LogPakFile: Registered encryption key '00000000000000000000000000000000': 0 pak files mounted, 0 remain pending
[2019.07.08-10.04.52:044][  0]LogContentBrowser: Native class hierarchy updated for 'AddContentDialog' in 0.0002 seconds. Added 0 classes and 0 folders.
[2019.07.08-10.04.52:063][  0]LogContentBrowser: Native class hierarchy updated for 'SceneOutliner' in 0.0002 seconds. Added 1 classes and 2 folders.
[2019.07.08-10.04.52:141][  0]LogSlate: Took 0.006785 seconds to synchronously load lazily loaded font '../../../Engine/Content/Slate/Fonts/Roboto-Regular.ttf' (155K)
[2019.07.08-10.04.52:152][  0]LogSlate: Took 0.007188 seconds to synchronously load lazily loaded font '../../../Engine/Content/Slate/Fonts/Roboto-Bold.ttf' (160K)
[2019.07.08-10.04.52:183][  0]LogSlate: Took 0.017369 seconds to synchronously load lazily loaded font '../../../Engine/Content/Editor/Slate/Fonts/FontAwesome.ttf' (139K)
[2019.07.08-10.04.52:302][  0]LogRenderer: Reallocating scene render targets to support 844x572 Format 10 NumSamples 1 (Frame:1).
[2019.07.08-10.04.52:505][  0]LogContentBrowser: Native class hierarchy updated for 'HierarchicalLODOutliner' in 0.0002 seconds. Added 0 classes and 0 folders.
[2019.07.08-10.04.52:505][  0]LogLoad: (Engine Initialization) Total time: 12.80 seconds
[2019.07.08-10.04.52:505][  0]LogLoad: (Engine Initialization) Total Blueprint compile time: 0.00 seconds
[2019.07.08-10.04.52:569][  0]LogAssetRegistry: Asset discovery search completed in 7.9462 seconds
[2019.07.08-10.04.52:571][  0]LogCollectionManager: Rebuilt the object cache for 0 collections in 0.000000 seconds (found 0 objects)
[2019.07.08-10.04.52:571][  0]LogCollectionManager: Fixed up redirectors for 0 collections in 0.000601 seconds (updated 0 objects)
[2019.07.08-10.04.52:609][  0]LogContentStreaming: Texture pool size now 1000 MB
[2019.07.08-10.04.52:725][  0]LogSlate: Took 0.027203 seconds to synchronously load lazily loaded font '../../../Engine/Content/Slate/Fonts/Roboto-Light.ttf' (167K)
[2019.07.08-10.04.53:547][ 85]LogSlate: Took 0.000118 seconds to synchronously load lazily loaded font '../../../Engine/Content/Slate/Fonts/Roboto-Light.ttf' (167K)
[2019.07.08-10.04.57:756][582]LogFileCache: Retrieving MD5 hashes for directory 'C:/Users/Holton/Documents/GitHub/superdungeongolf/superdungeongolf/Content/' took 5.22s
[2019.07.08-10.04.58:739][699]LogSlate: FSceneViewport::OnFocusLost() reason 2
[2019.07.08-10.04.59:512][790]LogSlate: FSceneViewport::OnFocusLost() reason 2
[2019.07.08-10.05.15:440][690]LogUObjectHash: Compacting FUObjectHashTables data took   0.46ms
[2019.07.08-10.05.15:444][690]Cmd: MAP LOAD FILE="../../../../../Documents/GitHub/superdungeongolf/superdungeongolf/Content/Levels/Level9.umap" TEMPLATE=0 SHOWPROGRESS=1 FEATURELEVEL=3
[2019.07.08-10.05.15:457][690]LightingResults: New page: Lighting Build
[2019.07.08-10.05.15:457][690]LoadErrors: New page: Loading map: Level9.umap
[2019.07.08-10.05.15:461][690]MapCheck: New page: Map Check
[2019.07.08-10.05.15:461][690]LightingResults: New page: Lighting Build
[2019.07.08-10.05.15:490][690]LogUObjectHash: Compacting FUObjectHashTables data took   1.38ms
[2019.07.08-10.05.15:869][690]LoadErrors: Warning: Linear color curves now accurately handle RGB values > 1. If you were relying on HSV clamping, please update CC_Water_Color
[2019.07.08-10.05.15:932][690]LogAIModule: Creating AISystem for world Level9
[2019.07.08-10.05.16:732][690]LogEditorServer: Finished looking for orphan Actors (0.000 secs)
[2019.07.08-10.05.16:763][690]LogUObjectHash: Compacting FUObjectHashTables data took   1.82ms
[2019.07.08-10.05.16:789][690]Cmd: MAP CHECKDEP NOCLEARLOG
[2019.07.08-10.05.16:789][690]MapCheck: Map check complete: 0 Error(s), 0 Warning(s), took 0.085ms to complete.
[2019.07.08-10.05.16:789][690]LogFileHelpers: Loading map 'Level9' took 1.348
[2019.07.08-10.05.16:791][690]LogSlate: Window 'Open Level' being destroyed
[2019.07.08-10.05.18:244][859]LogSlate: Window 'Message Log' being destroyed
[2019.07.08-10.05.18:248][859]LogSlate: Window 'Message Log' being destroyed
[2019.07.08-10.05.18:981][947]LogSlate: FSceneViewport::OnFocusLost() reason 0
[2019.07.08-10.05.19:039][954]LogTemp: Repeating last play command: Selected Viewport
[2019.07.08-10.05.19:056][954]LogBlueprintUserMessages: Early PlayInEditor Detection: Level '/Game/Levels/Level9.Level9:PersistentLevel' has LevelScriptBlueprint '/Game/Levels/Level9.Level9:PersistentLevel.Level9' with GeneratedClass '/Game/Levels/Level9.Level9_C' with ClassGeneratedBy '/Game/Levels/Level9.Level9:PersistentLevel.Level9'
[2019.07.08-10.05.19:057][954]LogPlayLevel: PlayLevel: No blueprints needed recompiling
[2019.07.08-10.05.19:058][954]PIE: New page: PIE session: Level9 (9 Jul 2019 5:05:19 am)
[2019.07.08-10.05.19:073][954]LogPlayLevel: Creating play world package: /Game/Levels/UEDPIE_0_Level9
[2019.07.08-10.05.19:087][954]LogPlayLevel: PIE: StaticDuplicateObject took: (0.014200s)
[2019.07.08-10.05.19:088][954]LogAIModule: Creating AISystem for world Level9
[2019.07.08-10.05.19:088][954]LogPlayLevel: PIE: World Init took: (0.000505s)
[2019.07.08-10.05.19:088][954]LogPlayLevel: PIE: Created PIE world by copying editor world from /Game/Levels/Level9.Level9 to /Game/Levels/UEDPIE_0_Level9.Level9 (0.015186s)
[2019.07.08-10.05.19:111][954]LogUObjectHash: Compacting FUObjectHashTables data took   0.89ms
[2019.07.08-10.05.19:125][954]LogInit: XAudio2 using 'Speakers (3- Stealth 600)' : 2 channels at 48 kHz using 16 bits per sample (channel mask 0x3)
[2019.07.08-10.05.19:133][954]LogInit: FAudioDevice initialized.
[2019.07.08-10.05.19:181][954]LogLoad: Game class is 'MyGameMode_C'
[2019.07.08-10.05.19:189][954]LogWorld: Bringing World /Game/Levels/UEDPIE_0_Level9.Level9 up for play (max tick rate 0) at 2019.07.08-19.35.19
[2019.07.08-10.05.19:194][954]LogWorld: Bringing up level for play took: 0.007118
[2019.07.08-10.05.19:230][954]LogContentBrowser: Native class hierarchy updated for 'MovieSceneCapture' in 0.0002 seconds. Added 20 classes and 0 folders.
[2019.07.08-10.05.19:240][954]PIE: Play in editor start time for /Game/Levels/UEDPIE_0_Level9 1.135
[2019.07.08-10.05.19:240][954]LogBlueprintUserMessages: Late PlayInEditor Detection: Level '/Game/Levels/Level9.Level9:PersistentLevel' has LevelScriptBlueprint '/Game/Levels/Level9.Level9:PersistentLevel.Level9' with GeneratedClass '/Game/Levels/Level9.Level9_C' with ClassGeneratedBy '/Game/Levels/Level9.Level9:PersistentLevel.Level9'
[2019.07.08-10.05.23:702][483]LogSlate: FSceneViewport::OnFocusLost() reason 0
[2019.07.08-10.05.30:568][307]LogSlate: FSceneViewport::OnFocusLost() reason 0
[2019.07.08-10.05.38:277][232]LogSlate: FSceneViewport::OnFocusLost() reason 0
[2019.07.08-10.05.40:469][495]LogSlate: FSceneViewport::OnFocusLost() reason 0
[2019.07.08-10.05.50:194][662]LogSlate: FSceneViewport::OnFocusLost() reason 0
[2019.07.08-10.05.52:945][992]LogSlate: FSceneViewport::OnFocusLost() reason 0
[2019.07.08-10.06.02:053][ 85]LogSlate: FSceneViewport::OnFocusLost() reason 0
[2019.07.08-10.06.10:579][108]LogSlate: FSceneViewport::OnFocusLost() reason 0
[2019.07.08-10.06.24:909][511]LogSlate: FSceneViewport::OnFocusLost() reason 0
[2019.07.08-10.06.33:193][505]LogSlate: FSceneViewport::OnFocusLost() reason 0
[2019.07.08-10.06.37:209][987]LogSlate: FSceneViewport::OnFocusLost() reason 0
[2019.07.08-10.06.41:585][512]LogSlate: FSceneViewport::OnFocusLost() reason 0
[2019.07.08-10.06.42:792][656]LogSlate: Updating window title bar state: overlay mode, drag disabled, window buttons hidden, title bar hidden
[2019.07.08-10.06.42:792][656]LogBlueprintUserMessages: Early EndPlayMap Detection: Level '/Game/Levels/Level9.Level9:PersistentLevel' has LevelScriptBlueprint '/Game/Levels/Level9.Level9:PersistentLevel.Level9' with GeneratedClass '/Game/Levels/Level9.Level9_C' with ClassGeneratedBy '/Game/Levels/Level9.Level9:PersistentLevel.Level9'
[2019.07.08-10.06.42:826][656]LogPlayLevel: Display: Shutting down PIE online subsystems
[2019.07.08-10.06.42:828][656]LogBlueprintUserMessages: Late EndPlayMap Detection: Level '/Game/Levels/Level9.Level9:PersistentLevel' has LevelScriptBlueprint '/Game/Levels/Level9.Level9:PersistentLevel.Level9' with GeneratedClass '/Game/Levels/Level9.Level9_C' with ClassGeneratedBy '/Game/Levels/Level9.Level9:PersistentLevel.Level9'
[2019.07.08-10.06.42:878][656]LogSlate: Updating window title bar state: overlay mode, drag disabled, window buttons hidden, title bar hidden
[2019.07.08-10.06.42:886][656]LogUObjectHash: Compacting FUObjectHashTables data took   1.12ms
[2019.07.08-10.06.42:911][657]LogPlayLevel: Display: Destroying online subsystem :Context_1
[2019.07.08-10.06.51:769][718]LogAssetEditorManager: Opening Asset editor for Blueprint /Game/ThirdPersonBP/Blueprints/ThirdPersonCharacter.ThirdPersonCharacter
[2019.07.08-10.06.52:075][718]LogContentBrowser: Native class hierarchy updated for 'BlueprintGraph' in 0.0004 seconds. Added 121 classes and 0 folders.
[2019.07.08-10.06.52:792][718]LogSlate: Took 0.003831 seconds to synchronously load lazily loaded font '../../../Engine/Content/Slate/Fonts/Roboto-BoldCondensed.ttf' (158K)
[2019.07.08-10.06.52:947][719]LogSlate: Took 0.003708 seconds to synchronously load lazily loaded font '../../../Engine/Content/Slate/Fonts/Roboto-Italic.ttf' (157K)
[2019.07.08-10.08.31:502][491]BlueprintLog: New page: Compile ThirdPersonCharacter
[2019.07.08-10.08.31:684][491]LogUObjectHash: Compacting FUObjectHashTables data took   2.72ms
[2019.07.08-10.08.32:168][522]LogSavePackage: Moving '../../../../../Documents/GitHub/superdungeongolf/superdungeongolf/Saved/ThirdPersonCharacter9003A3DA493CA6F43E6A318730BC9282.tmp' to '../../../../../Documents/GitHub/superdungeongolf/superdungeongolf/Content/ThirdPersonBP/Blueprints/ThirdPersonCharacter.uasset'
[2019.07.08-10.08.33:978][737]LogTemp: Repeating last play command: Selected Viewport
[2019.07.08-10.08.33:998][737]LogBlueprintUserMessages: Early PlayInEditor Detection: Level '/Game/Levels/Level9.Level9:PersistentLevel' has LevelScriptBlueprint '/Game/Levels/Level9.Level9:PersistentLevel.Level9' with GeneratedClass '/Game/Levels/Level9.Level9_C' with ClassGeneratedBy '/Game/Levels/Level9.Level9:PersistentLevel.Level9'
[2019.07.08-10.08.33:998][737]LogPlayLevel: PlayLevel: No blueprints needed recompiling
[2019.07.08-10.08.33:998][737]PIE: New page: PIE session: Level9 (9 Jul 2019 5:08:33 am)
[2019.07.08-10.08.33:998][737]LogPlayLevel: Creating play world package: /Game/Levels/UEDPIE_0_Level9
[2019.07.08-10.08.34:010][737]LogPlayLevel: PIE: StaticDuplicateObject took: (0.011692s)
[2019.07.08-10.08.34:010][737]LogAIModule: Creating AISystem for world Level9
[2019.07.08-10.08.34:011][737]LogPlayLevel: PIE: World Init took: (0.000540s)
[2019.07.08-10.08.34:011][737]LogPlayLevel: PIE: Created PIE world by copying editor world from /Game/Levels/Level9.Level9 to /Game/Levels/UEDPIE_0_Level9.Level9 (0.012331s)
[2019.07.08-10.08.34:041][737]LogUObjectHash: Compacting FUObjectHashTables data took   2.32ms
[2019.07.08-10.08.34:052][737]LogInit: XAudio2 using 'Speakers (3- Stealth 600)' : 2 channels at 48 kHz using 16 bits per sample (channel mask 0x3)
[2019.07.08-10.08.34:060][737]LogInit: FAudioDevice initialized.
[2019.07.08-10.08.34:087][737]LogLoad: Game class is 'MyGameMode_C'
[2019.07.08-10.08.34:089][737]LogWorld: Bringing World /Game/Levels/UEDPIE_0_Level9.Level9 up for play (max tick rate 0) at 2019.07.08-19.38.34
[2019.07.08-10.08.34:090][737]LogWorld: Bringing up level for play took: 0.002446
[2019.07.08-10.08.34:105][737]PIE: Play in editor start time for /Game/Levels/UEDPIE_0_Level9 0.001
[2019.07.08-10.08.34:105][737]LogBlueprintUserMessages: Late PlayInEditor Detection: Level '/Game/Levels/Level9.Level9:PersistentLevel' has LevelScriptBlueprint '/Game/Levels/Level9.Level9:PersistentLevel.Level9' with GeneratedClass '/Game/Levels/Level9.Level9_C' with ClassGeneratedBy '/Game/Levels/Level9.Level9:PersistentLevel.Level9'
[2019.07.08-10.08.39:022][325]LogSlate: FSceneViewport::OnFocusLost() reason 0
[2019.07.08-10.08.46:506][222]LogSlate: FSceneViewport::OnFocusLost() reason 0
[2019.07.08-10.08.47:589][352]LogSlate: Updating window title bar state: overlay mode, drag disabled, window buttons hidden, title bar hidden
[2019.07.08-10.08.47:589][352]LogBlueprintUserMessages: Early EndPlayMap Detection: Level '/Game/Levels/Level9.Level9:PersistentLevel' has LevelScriptBlueprint '/Game/Levels/Level9.Level9:PersistentLevel.Level9' with GeneratedClass '/Game/Levels/Level9.Level9_C' with ClassGeneratedBy '/Game/Levels/Level9.Level9:PersistentLevel.Level9'
[2019.07.08-10.08.47:620][352]LogPlayLevel: Display: Shutting down PIE online subsystems
[2019.07.08-10.08.47:621][352]LogBlueprintUserMessages: Late EndPlayMap Detection: Level '/Game/Levels/Level9.Level9:PersistentLevel' has LevelScriptBlueprint '/Game/Levels/Level9.Level9:PersistentLevel.Level9' with GeneratedClass '/Game/Levels/Level9.Level9_C' with ClassGeneratedBy '/Game/Levels/Level9.Level9:PersistentLevel.Level9'
[2019.07.08-10.08.47:655][352]LogSlate: Updating window title bar state: overlay mode, drag disabled, window buttons hidden, title bar hidden
[2019.07.08-10.08.47:659][352]LogUObjectHash: Compacting FUObjectHashTables data took   1.80ms
[2019.07.08-10.08.47:694][354]LogPlayLevel: Display: Destroying online subsystem :Context_4
